<?xml version="1.0" encoding="utf-8"?><testsuites name="pytest tests"><testsuite name="pytest" errors="0" failures="0" skipped="0" tests="24" time="6.596" timestamp="2026-04-19T10:46:42.150098+00:00" hostname="agent-env-207603d0-f819-405d-9dd5-1431534b5f73"><testcase classname="tests.test_iteration4.TestUserOutFields" name="test_me_has_new_fields" time="0.677" /><testcase classname="tests.test_iteration4.TestUserOutFields" name="test_get_user_profile_has_friendship_status" time="0.505" /><testcase classname="tests.test_iteration4.TestSeed" name="test_aanya_friends_include_priya" time="0.113" /><testcase classname="tests.test_iteration4.TestSeed" name="test_aanya_incoming_has_kabir" time="0.500" /><testcase classname="tests.test_iteration4.TestSeed" name="test_kabir_outgoing_has_aanya" time="0.142" /><testcase classname="tests.test_iteration4.TestSeed" name="test_counts" time="0.110" /><testcase classname="tests.test_iteration4.TestSendErrors" name="test_cannot_friend_self" time="0.104" /><testcase classname="tests.test_iteration4.TestSendErrors" name="test_already_friends_400" time="0.111" /><testcase classname="tests.test_iteration4.TestSendErrors" name="test_duplicate_pending_400" time="0.127" /><testcase classname="tests.test_iteration4.TestLifecycle" name="test_send_request" time="1.090" /><testcase classname="tests.test_iteration4.TestLifecycle" name="test_auto_accept_when_reverse_pending" time="0.296" /><testcase classname="tests.test_iteration4.TestLifecycle" name="test_unfriend" time="0.227" /><testcase classname="tests.test_iteration4.TestAcceptRejectCancel" name="test_accept_flow" time="0.454" /><testcase classname="tests.test_iteration4.TestAcceptRejectCancel" name="test_reject_flow" time="0.535" /><testcase classname="tests.test_iteration4.TestAcceptRejectCancel" name="test_cancel_flow" time="0.463" /><testcase classname="tests.test_iteration4.TestEdges" name="test_friends_empty_not_404" time="0.110" /><testcase classname="tests.test_iteration4.TestEdges" name="test_notifications_contain_friend_types" time="0.114" /><testcase classname="tests.test_iteration4.TestRegression" name="test_posts_feed" time="0.126" /><testcase classname="tests.test_iteration4.TestRegression" name="test_businesses" time="0.114" /><testcase classname="tests.test_iteration4.TestRegression" name="test_products" time="0.126" /><testcase classname="tests.test_iteration4.TestRegression" name="test_events" time="0.104" /><testcase classname="tests.test_iteration4.TestRegression" name="test_search" time="0.120" /><testcase classname="tests.test_iteration4.TestRegression" name="test_unread" time="0.117" /><testcase classname="tests.test_iteration4.TestRegression" name="test_explore" time="0.121" /></testsuite></testsuites>