<?xml version="1.0" encoding="utf-8"?><testsuites name="pytest tests"><testsuite name="pytest" errors="0" failures="0" skipped="0" tests="20" time="5.572" timestamp="2026-04-19T09:45:24.591683+00:00" hostname="agent-env-207603d0-f819-405d-9dd5-1431534b5f73"><testcase classname="backend.tests.test_iteration2.TestUpload" name="test_upload_requires_auth" time="0.207" /><testcase classname="backend.tests.test_iteration2.TestUpload" name="test_upload_png_and_serve" time="1.866" /><testcase classname="backend.tests.test_iteration2.TestUpload" name="test_upload_rejects_bad_type" time="0.106" /><testcase classname="backend.tests.test_iteration2.TestProfileUpdate" name="test_update_bio_and_propagate_name" time="0.223" /><testcase classname="backend.tests.test_iteration2.TestProfileUpdate" name="test_bio_max_length" time="0.054" /><testcase classname="backend.tests.test_iteration2.TestFollow" name="test_cannot_follow_self" time="0.054" /><testcase classname="backend.tests.test_iteration2.TestFollow" name="test_follow_toggle_and_counts" time="0.677" /><testcase classname="backend.tests.test_iteration2.TestFollow" name="test_follow_nonexistent" time="0.048" /><testcase classname="backend.tests.test_iteration2.TestSaveBookmark" name="test_save_toggle_and_list" time="0.241" /><testcase classname="backend.tests.test_iteration2.TestComments" name="test_add_list_and_count" time="0.314" /><testcase classname="backend.tests.test_iteration2.TestComments" name="test_comment_validation" time="0.153" /><testcase classname="backend.tests.test_iteration2.TestComments" name="test_comment_on_missing_post" time="0.050" /><testcase classname="backend.tests.test_iteration2.TestDeletePost" name="test_delete_own_post_also_deletes_comments" time="0.200" /><testcase classname="backend.tests.test_iteration2.TestDeletePost" name="test_delete_others_post_403" time="0.109" /><testcase classname="backend.tests.test_iteration2.TestDeletePost" name="test_delete_missing_404" time="0.049" /><testcase classname="backend.tests.test_iteration2.TestExploreSearch" name="test_explore_returns_trending_across_areas" time="0.429" /><testcase classname="backend.tests.test_iteration2.TestExploreSearch" name="test_search_users_and_posts" time="0.100" /><testcase classname="backend.tests.test_iteration2.TestExploreSearch" name="test_search_empty_query_rejected" time="0.046" /><testcase classname="backend.tests.test_iteration2.TestStories" name="test_stories_same_area_only" time="0.167" /><testcase classname="backend.tests.test_iteration2.TestPostWithImage" name="test_create_post_with_image" time="0.374" /></testsuite></testsuites>