<?xml version="1.0" encoding="utf-8"?><testsuites name="pytest tests"><testsuite name="pytest" errors="0" failures="0" skipped="0" tests="31" time="5.494" timestamp="2026-04-19T10:21:23.597552+00:00" hostname="agent-env-207603d0-f819-405d-9dd5-1431534b5f73"><testcase classname="backend.tests.test_iteration3.TestSignupAccountType" name="test_business_signup_requires_business_name" time="0.217" /><testcase classname="backend.tests.test_iteration3.TestSignupAccountType" name="test_business_signup_with_business_name_ok" time="0.277" /><testcase classname="backend.tests.test_iteration3.TestSignupAccountType" name="test_personal_signup_no_business_name" time="0.271" /><testcase classname="backend.tests.test_iteration3.TestLocationAndDistance" name="test_update_location_persists" time="0.321" /><testcase classname="backend.tests.test_iteration3.TestLocationAndDistance" name="test_ensure_seed_locations" time="0.665" /><testcase classname="backend.tests.test_iteration3.TestLocationAndDistance" name="test_haversine_distance_populated" time="0.113" /><testcase classname="backend.tests.test_iteration3.TestProducts" name="test_personal_cannot_create_product" time="0.048" /><testcase classname="backend.tests.test_iteration3.TestProducts" name="test_business_can_create_product" time="0.048" /><testcase classname="backend.tests.test_iteration3.TestProducts" name="test_list_products_by_business" time="0.048" /><testcase classname="backend.tests.test_iteration3.TestProducts" name="test_list_products_nearby_5km" time="0.052" /><testcase classname="backend.tests.test_iteration3.TestProducts" name="test_list_products_offers_only" time="0.049" /><testcase classname="backend.tests.test_iteration3.TestProducts" name="test_non_owner_cannot_delete_product" time="0.051" /><testcase classname="backend.tests.test_iteration3.TestProducts" name="test_owner_can_delete_product" time="0.048" /><testcase classname="backend.tests.test_iteration3.TestBusinesses" name="test_list_businesses" time="0.049" /><testcase classname="backend.tests.test_iteration3.TestBusinesses" name="test_businesses_nearby_filter" time="0.047" /><testcase classname="backend.tests.test_iteration3.TestEvents" name="test_create_event" time="0.052" /><testcase classname="backend.tests.test_iteration3.TestEvents" name="test_list_events_area" time="0.058" /><testcase classname="backend.tests.test_iteration3.TestEvents" name="test_list_events_nearby" time="0.050" /><testcase classname="backend.tests.test_iteration3.TestEvents" name="test_toggle_going" time="0.367" /><testcase classname="backend.tests.test_iteration3.TestEvents" name="test_non_author_cannot_delete_event" time="0.045" /><testcase classname="backend.tests.test_iteration3.TestEvents" name="test_author_can_delete_event" time="0.055" /><testcase classname="backend.tests.test_iteration3.TestPostsAndNotifications" name="test_create_multi_image_post" time="0.051" /><testcase classname="backend.tests.test_iteration3.TestPostsAndNotifications" name="test_mention_creates_notification" time="0.548" /><testcase classname="backend.tests.test_iteration3.TestPostsAndNotifications" name="test_like_creates_notification" time="0.599" /><testcase classname="backend.tests.test_iteration3.TestPostsAndNotifications" name="test_comment_creates_notification" time="0.604" /><testcase classname="backend.tests.test_iteration3.TestPostsAndNotifications" name="test_unread_count_and_read_all" time="0.147" /><testcase classname="backend.tests.test_iteration3.TestPostsAndNotifications" name="test_cleanup_post" time="0.046" /><testcase classname="backend.tests.test_iteration3.TestFollowDenormalisation" name="test_follow_updates_counts" time="0.292" /><testcase classname="backend.tests.test_iteration3.TestSearch" name="test_search_regex_escape_no_redos" time="0.054" /><testcase classname="backend.tests.test_iteration3.TestSearch" name="test_search_multi_resource" time="0.057" /><testcase classname="backend.tests.test_iteration3.TestNearbyUsers" name="test_nearby_users_within_5km" time="0.051" /></testsuite></testsuites>