<?xml version="1.0" encoding="utf-8"?><testsuites name="pytest tests"><testsuite name="pytest" errors="0" failures="0" skipped="0" tests="18" time="3.723" timestamp="2026-04-19T09:12:25.609526+00:00" hostname="agent-env-207603d0-f819-405d-9dd5-1431534b5f73"><testcase classname="backend.tests.test_localconnect" name="test_root" time="0.201" /><testcase classname="backend.tests.test_localconnect.TestAuth" name="test_signup_and_login" time="0.868" /><testcase classname="backend.tests.test_localconnect.TestAuth" name="test_me_requires_auth" time="0.049" /><testcase classname="backend.tests.test_localconnect.TestAuth" name="test_me_with_token" time="0.329" /><testcase classname="backend.tests.test_localconnect.TestAuth" name="test_login_invalid_email" time="0.050" /><testcase classname="backend.tests.test_localconnect.TestPosts" name="test_list_requires_auth" time="0.050" /><testcase classname="backend.tests.test_localconnect.TestPosts" name="test_list_demo_posts" time="0.049" /><testcase classname="backend.tests.test_localconnect.TestPosts" name="test_create_normal_and_offer" time="0.147" /><testcase classname="backend.tests.test_localconnect.TestPosts" name="test_area_isolation" time="0.422" /><testcase classname="backend.tests.test_localconnect.TestPosts" name="test_area_case_insensitive" time="0.655" /><testcase classname="backend.tests.test_localconnect.TestLikes" name="test_like_toggle" time="0.247" /><testcase classname="backend.tests.test_localconnect.TestLikes" name="test_like_not_found" time="0.052" /><testcase classname="backend.tests.test_localconnect.TestLikes" name="test_like_requires_auth" time="0.048" /><testcase classname="backend.tests.test_localconnect.TestUsers" name="test_get_user_and_posts" time="0.147" /><testcase classname="backend.tests.test_localconnect.TestUsers" name="test_get_user_not_found" time="0.050" /><testcase classname="backend.tests.test_localconnect.TestUsers" name="test_users_requires_auth" time="0.095" /><testcase classname="backend.tests.test_localconnect.TestValidation" name="test_signup_short_password" time="0.050" /><testcase classname="backend.tests.test_localconnect.TestValidation" name="test_create_post_empty_content" time="0.047" /></testsuite></testsuites>